<?xml version="1.0" encoding="UTF-8"?>
<robot generator="Robot 4.1.3 (Python 3.10.0 on win32)" generated="20220212 09:17:57.558" rpa="false" schemaversion="2">
<suite id="s1" name="Verify Invalid Credentials Suite" source="C:\Users\pc\robot_framework\login_suite\verify_invalid_credentials_suite.robot">
<test id="s1-t1" name="TC1">
<kw name="Launch Browser" library="common_functionality" type="SETUP">
<kw name="Open Browser" library="SeleniumLibrary">
<arg>browser=chrome</arg>
<arg>executable_path=${EXECDIR}${/}driver${/}chromedriver.exe</arg>
<doc>Opens a new browser instance to the optional ``url``.</doc>
<msg timestamp="20220212 09:17:58.142" level="INFO">Opening browser 'chrome' to base url 'None'.</msg>
<status status="PASS" starttime="20220212 09:17:58.141" endtime="20220212 09:18:00.625"/>
</kw>
<kw name="Maximize Browser Window" library="SeleniumLibrary">
<doc>Maximizes current browser window.</doc>
<status status="PASS" starttime="20220212 09:18:00.626" endtime="20220212 09:18:00.858"/>
</kw>
<kw name="Set Selenium Implicit Wait" library="SeleniumLibrary">
<arg>30s</arg>
<doc>Sets the implicit wait value used by Selenium.</doc>
<status status="PASS" starttime="20220212 09:18:00.859" endtime="20220212 09:18:00.876"/>
</kw>
<kw name="Go To" library="SeleniumLibrary">
<arg>url=https://demo.openemr.io/b/openemr</arg>
<doc>Navigates the current browser window to the provided ``url``.</doc>
<msg timestamp="20220212 09:18:00.877" level="INFO">Opening url 'https://demo.openemr.io/b/openemr'</msg>
<status status="PASS" starttime="20220212 09:18:00.876" endtime="20220212 09:18:05.947"/>
</kw>
<status status="PASS" starttime="20220212 09:17:58.141" endtime="20220212 09:18:05.947"/>
</kw>
<kw name="Verify Invalid Credential Template">
<arg>John</arg>
<arg>john123</arg>
<arg>Dutch</arg>
<arg>Invalid username or password</arg>
<kw name="Input Text" library="SeleniumLibrary">
<arg>id=authUser</arg>
<arg>${username}</arg>
<doc>Types the given ``text`` into the text field identified by ``locator``.</doc>
<msg timestamp="20220212 09:18:05.953" level="INFO">Typing text 'John' into text field 'id=authUser'.</msg>
<status status="PASS" starttime="20220212 09:18:05.952" endtime="20220212 09:18:06.066"/>
</kw>
<kw name="Input Password" library="SeleniumLibrary">
<arg>id=clearPass</arg>
<arg>${password}</arg>
<doc>Types the given password into the text field identified by ``locator``.</doc>
<msg timestamp="20220212 09:18:06.066" level="INFO">Typing password into text field 'id=clearPass'.</msg>
<msg timestamp="20220212 09:18:06.119" level="INFO">Temporally setting log level to: NONE</msg>
<msg timestamp="20220212 09:18:06.178" level="INFO">Log level changed from NONE to INFO.</msg>
<status status="PASS" starttime="20220212 09:18:06.066" endtime="20220212 09:18:06.178"/>
</kw>
<kw name="Select From List By Label" library="SeleniumLibrary">
<arg>name=languageChoice</arg>
<arg>${language}</arg>
<doc>Selects options from selection list ``locator`` by ``labels``.</doc>
<msg timestamp="20220212 09:18:06.178" level="INFO">Selecting options from selection list 'name=languageChoice' by label Dutch.</msg>
<status status="PASS" starttime="20220212 09:18:06.178" endtime="20220212 09:18:06.275"/>
</kw>
<kw name="Click Element" library="SeleniumLibrary">
<arg>xpath=//button[@type='submit']</arg>
<doc>Click the element identified by ``locator``.</doc>
<msg timestamp="20220212 09:18:06.276" level="INFO">Clicking element 'xpath=//button[@type='submit']'.</msg>
<status status="PASS" starttime="20220212 09:18:06.275" endtime="20220212 09:18:07.466"/>
</kw>
<kw name="Element Should Contain" library="SeleniumLibrary">
<arg>//div[contains(text(),'Invalid')]</arg>
<arg>${expected_error}</arg>
<doc>Verifies that element ``locator`` contains text ``expected``.</doc>
<msg timestamp="20220212 09:18:07.521" level="INFO">Element '//div[contains(text(),'Invalid')]' contains text 'Invalid username or password'.</msg>
<status status="PASS" starttime="20220212 09:18:07.466" endtime="20220212 09:18:07.521"/>
</kw>
<status status="PASS" starttime="20220212 09:18:05.950" endtime="20220212 09:18:07.522"/>
</kw>
<kw name="End Browser" library="common_functionality" type="TEARDOWN">
<kw name="Capture Page Screenshot" library="SeleniumLibrary">
<doc>Takes a screenshot of the current page and embeds it into a log file.</doc>
<msg timestamp="20220212 09:18:07.849" level="INFO" html="true">&lt;/td&gt;&lt;/tr&gt;&lt;tr&gt;&lt;td colspan="3"&gt;&lt;a href="selenium-screenshot-4.png"&gt;&lt;img src="selenium-screenshot-4.png" width="800px"&gt;&lt;/a&gt;</msg>
<status status="PASS" starttime="20220212 09:18:07.523" endtime="20220212 09:18:07.849"/>
</kw>
<kw name="Close Browser" library="SeleniumLibrary">
<doc>Closes the current browser.</doc>
<status status="PASS" starttime="20220212 09:18:07.850" endtime="20220212 09:18:10.062"/>
</kw>
<status status="PASS" starttime="20220212 09:18:07.522" endtime="20220212 09:18:10.062"/>
</kw>
<status status="PASS" starttime="20220212 09:17:58.140" endtime="20220212 09:18:10.063"/>
</test>
<test id="s1-t2" name="TC2">
<kw name="Launch Browser" library="common_functionality" type="SETUP">
<kw name="Open Browser" library="SeleniumLibrary">
<arg>browser=chrome</arg>
<arg>executable_path=${EXECDIR}${/}driver${/}chromedriver.exe</arg>
<doc>Opens a new browser instance to the optional ``url``.</doc>
<msg timestamp="20220212 09:18:10.066" level="INFO">Opening browser 'chrome' to base url 'None'.</msg>
<status status="PASS" starttime="20220212 09:18:10.065" endtime="20220212 09:18:11.401"/>
</kw>
<kw name="Maximize Browser Window" library="SeleniumLibrary">
<doc>Maximizes current browser window.</doc>
<status status="PASS" starttime="20220212 09:18:11.402" endtime="20220212 09:18:11.542"/>
</kw>
<kw name="Set Selenium Implicit Wait" library="SeleniumLibrary">
<arg>30s</arg>
<doc>Sets the implicit wait value used by Selenium.</doc>
<status status="PASS" starttime="20220212 09:18:11.542" endtime="20220212 09:18:11.552"/>
</kw>
<kw name="Go To" library="SeleniumLibrary">
<arg>url=https://demo.openemr.io/b/openemr</arg>
<doc>Navigates the current browser window to the provided ``url``.</doc>
<msg timestamp="20220212 09:18:11.553" level="INFO">Opening url 'https://demo.openemr.io/b/openemr'</msg>
<status status="PASS" starttime="20220212 09:18:11.552" endtime="20220212 09:18:15.738"/>
</kw>
<status status="PASS" starttime="20220212 09:18:10.065" endtime="20220212 09:18:15.739"/>
</kw>
<kw name="Verify Invalid Credential Template">
<arg>peter</arg>
<arg>peter123</arg>
<arg>Danish</arg>
<arg>Invalid username or password</arg>
<kw name="Input Text" library="SeleniumLibrary">
<arg>id=authUser</arg>
<arg>${username}</arg>
<doc>Types the given ``text`` into the text field identified by ``locator``.</doc>
<msg timestamp="20220212 09:18:15.742" level="INFO">Typing text 'peter' into text field 'id=authUser'.</msg>
<status status="PASS" starttime="20220212 09:18:15.741" endtime="20220212 09:18:15.849"/>
</kw>
<kw name="Input Password" library="SeleniumLibrary">
<arg>id=clearPass</arg>
<arg>${password}</arg>
<doc>Types the given password into the text field identified by ``locator``.</doc>
<msg timestamp="20220212 09:18:15.850" level="INFO">Typing password into text field 'id=clearPass'.</msg>
<msg timestamp="20220212 09:18:15.900" level="INFO">Temporally setting log level to: NONE</msg>
<msg timestamp="20220212 09:18:15.966" level="INFO">Log level changed from NONE to INFO.</msg>
<status status="PASS" starttime="20220212 09:18:15.849" endtime="20220212 09:18:15.966"/>
</kw>
<kw name="Select From List By Label" library="SeleniumLibrary">
<arg>name=languageChoice</arg>
<arg>${language}</arg>
<doc>Selects options from selection list ``locator`` by ``labels``.</doc>
<msg timestamp="20220212 09:18:15.967" level="INFO">Selecting options from selection list 'name=languageChoice' by label Danish.</msg>
<status status="PASS" starttime="20220212 09:18:15.966" endtime="20220212 09:18:16.055"/>
</kw>
<kw name="Click Element" library="SeleniumLibrary">
<arg>xpath=//button[@type='submit']</arg>
<doc>Click the element identified by ``locator``.</doc>
<msg timestamp="20220212 09:18:16.056" level="INFO">Clicking element 'xpath=//button[@type='submit']'.</msg>
<status status="PASS" starttime="20220212 09:18:16.055" endtime="20220212 09:18:17.221"/>
</kw>
<kw name="Element Should Contain" library="SeleniumLibrary">
<arg>//div[contains(text(),'Invalid')]</arg>
<arg>${expected_error}</arg>
<doc>Verifies that element ``locator`` contains text ``expected``.</doc>
<msg timestamp="20220212 09:18:17.278" level="INFO">Element '//div[contains(text(),'Invalid')]' contains text 'Invalid username or password'.</msg>
<status status="PASS" starttime="20220212 09:18:17.221" endtime="20220212 09:18:17.278"/>
</kw>
<status status="PASS" starttime="20220212 09:18:15.740" endtime="20220212 09:18:17.279"/>
</kw>
<kw name="End Browser" library="common_functionality" type="TEARDOWN">
<kw name="Capture Page Screenshot" library="SeleniumLibrary">
<doc>Takes a screenshot of the current page and embeds it into a log file.</doc>
<msg timestamp="20220212 09:18:17.620" level="INFO" html="true">&lt;/td&gt;&lt;/tr&gt;&lt;tr&gt;&lt;td colspan="3"&gt;&lt;a href="selenium-screenshot-5.png"&gt;&lt;img src="selenium-screenshot-5.png" width="800px"&gt;&lt;/a&gt;</msg>
<status status="PASS" starttime="20220212 09:18:17.280" endtime="20220212 09:18:17.620"/>
</kw>
<kw name="Close Browser" library="SeleniumLibrary">
<doc>Closes the current browser.</doc>
<status status="PASS" starttime="20220212 09:18:17.620" endtime="20220212 09:18:19.841"/>
</kw>
<status status="PASS" starttime="20220212 09:18:17.279" endtime="20220212 09:18:19.841"/>
</kw>
<status status="PASS" starttime="20220212 09:18:10.064" endtime="20220212 09:18:19.842"/>
</test>
<test id="s1-t3" name="TC3">
<kw name="Launch Browser" library="common_functionality" type="SETUP">
<kw name="Open Browser" library="SeleniumLibrary">
<arg>browser=chrome</arg>
<arg>executable_path=${EXECDIR}${/}driver${/}chromedriver.exe</arg>
<doc>Opens a new browser instance to the optional ``url``.</doc>
<msg timestamp="20220212 09:18:19.847" level="INFO">Opening browser 'chrome' to base url 'None'.</msg>
<status status="PASS" starttime="20220212 09:18:19.846" endtime="20220212 09:18:21.275"/>
</kw>
<kw name="Maximize Browser Window" library="SeleniumLibrary">
<doc>Maximizes current browser window.</doc>
<status status="PASS" starttime="20220212 09:18:21.276" endtime="20220212 09:18:21.485"/>
</kw>
<kw name="Set Selenium Implicit Wait" library="SeleniumLibrary">
<arg>30s</arg>
<doc>Sets the implicit wait value used by Selenium.</doc>
<status status="PASS" starttime="20220212 09:18:21.485" endtime="20220212 09:18:21.499"/>
</kw>
<kw name="Go To" library="SeleniumLibrary">
<arg>url=https://demo.openemr.io/b/openemr</arg>
<doc>Navigates the current browser window to the provided ``url``.</doc>
<msg timestamp="20220212 09:18:21.500" level="INFO">Opening url 'https://demo.openemr.io/b/openemr'</msg>
<status status="PASS" starttime="20220212 09:18:21.500" endtime="20220212 09:18:25.915"/>
</kw>
<status status="PASS" starttime="20220212 09:18:19.845" endtime="20220212 09:18:25.915"/>
</kw>
<kw name="Verify Invalid Credential Template">
<arg>${EMPTY}</arg>
<arg>peter123</arg>
<arg>Dutch</arg>
<arg>Invalid username or password</arg>
<kw name="Input Text" library="SeleniumLibrary">
<arg>id=authUser</arg>
<arg>${username}</arg>
<doc>Types the given ``text`` into the text field identified by ``locator``.</doc>
<msg timestamp="20220212 09:18:25.918" level="INFO">Typing text '' into text field 'id=authUser'.</msg>
<status status="PASS" starttime="20220212 09:18:25.917" endtime="20220212 09:18:25.998"/>
</kw>
<kw name="Input Password" library="SeleniumLibrary">
<arg>id=clearPass</arg>
<arg>${password}</arg>
<doc>Types the given password into the text field identified by ``locator``.</doc>
<msg timestamp="20220212 09:18:25.998" level="INFO">Typing password into text field 'id=clearPass'.</msg>
<msg timestamp="20220212 09:18:26.045" level="INFO">Temporally setting log level to: NONE</msg>
<msg timestamp="20220212 09:18:26.109" level="INFO">Log level changed from NONE to INFO.</msg>
<status status="PASS" starttime="20220212 09:18:25.998" endtime="20220212 09:18:26.110"/>
</kw>
<kw name="Select From List By Label" library="SeleniumLibrary">
<arg>name=languageChoice</arg>
<arg>${language}</arg>
<doc>Selects options from selection list ``locator`` by ``labels``.</doc>
<msg timestamp="20220212 09:18:26.111" level="INFO">Selecting options from selection list 'name=languageChoice' by label Dutch.</msg>
<status status="PASS" starttime="20220212 09:18:26.110" endtime="20220212 09:18:26.194"/>
</kw>
<kw name="Click Element" library="SeleniumLibrary">
<arg>xpath=//button[@type='submit']</arg>
<doc>Click the element identified by ``locator``.</doc>
<msg timestamp="20220212 09:18:26.194" level="INFO">Clicking element 'xpath=//button[@type='submit']'.</msg>
<status status="PASS" starttime="20220212 09:18:26.194" endtime="20220212 09:18:27.397"/>
</kw>
<kw name="Element Should Contain" library="SeleniumLibrary">
<arg>//div[contains(text(),'Invalid')]</arg>
<arg>${expected_error}</arg>
<doc>Verifies that element ``locator`` contains text ``expected``.</doc>
<msg timestamp="20220212 09:18:27.451" level="INFO">Element '//div[contains(text(),'Invalid')]' contains text 'Invalid username or password'.</msg>
<status status="PASS" starttime="20220212 09:18:27.397" endtime="20220212 09:18:27.451"/>
</kw>
<status status="PASS" starttime="20220212 09:18:25.916" endtime="20220212 09:18:27.451"/>
</kw>
<kw name="End Browser" library="common_functionality" type="TEARDOWN">
<kw name="Capture Page Screenshot" library="SeleniumLibrary">
<doc>Takes a screenshot of the current page and embeds it into a log file.</doc>
<msg timestamp="20220212 09:18:27.791" level="INFO" html="true">&lt;/td&gt;&lt;/tr&gt;&lt;tr&gt;&lt;td colspan="3"&gt;&lt;a href="selenium-screenshot-6.png"&gt;&lt;img src="selenium-screenshot-6.png" width="800px"&gt;&lt;/a&gt;</msg>
<status status="PASS" starttime="20220212 09:18:27.452" endtime="20220212 09:18:27.791"/>
</kw>
<kw name="Close Browser" library="SeleniumLibrary">
<doc>Closes the current browser.</doc>
<status status="PASS" starttime="20220212 09:18:27.791" endtime="20220212 09:18:30.028"/>
</kw>
<status status="PASS" starttime="20220212 09:18:27.452" endtime="20220212 09:18:30.029"/>
</kw>
<status status="PASS" starttime="20220212 09:18:19.844" endtime="20220212 09:18:30.029"/>
</test>
<test id="s1-t4" name="TC4">
<kw name="Launch Browser" library="common_functionality" type="SETUP">
<kw name="Open Browser" library="SeleniumLibrary">
<arg>browser=chrome</arg>
<arg>executable_path=${EXECDIR}${/}driver${/}chromedriver.exe</arg>
<doc>Opens a new browser instance to the optional ``url``.</doc>
<msg timestamp="20220212 09:18:30.033" level="INFO">Opening browser 'chrome' to base url 'None'.</msg>
<status status="PASS" starttime="20220212 09:18:30.032" endtime="20220212 09:18:31.343"/>
</kw>
<kw name="Maximize Browser Window" library="SeleniumLibrary">
<doc>Maximizes current browser window.</doc>
<status status="PASS" starttime="20220212 09:18:31.344" endtime="20220212 09:18:31.474"/>
</kw>
<kw name="Set Selenium Implicit Wait" library="SeleniumLibrary">
<arg>30s</arg>
<doc>Sets the implicit wait value used by Selenium.</doc>
<status status="PASS" starttime="20220212 09:18:31.475" endtime="20220212 09:18:31.487"/>
</kw>
<kw name="Go To" library="SeleniumLibrary">
<arg>url=https://demo.openemr.io/b/openemr</arg>
<doc>Navigates the current browser window to the provided ``url``.</doc>
<msg timestamp="20220212 09:18:31.488" level="INFO">Opening url 'https://demo.openemr.io/b/openemr'</msg>
<status status="PASS" starttime="20220212 09:18:31.487" endtime="20220212 09:18:35.624"/>
</kw>
<status status="PASS" starttime="20220212 09:18:30.032" endtime="20220212 09:18:35.624"/>
</kw>
<kw name="Verify Invalid Credential Template">
<arg>peter</arg>
<arg>${EMPTY}</arg>
<arg>Greek</arg>
<arg>Invalid username or password</arg>
<kw name="Input Text" library="SeleniumLibrary">
<arg>id=authUser</arg>
<arg>${username}</arg>
<doc>Types the given ``text`` into the text field identified by ``locator``.</doc>
<msg timestamp="20220212 09:18:35.629" level="INFO">Typing text 'peter' into text field 'id=authUser'.</msg>
<status status="PASS" starttime="20220212 09:18:35.628" endtime="20220212 09:18:35.738"/>
</kw>
<kw name="Input Password" library="SeleniumLibrary">
<arg>id=clearPass</arg>
<arg>${password}</arg>
<doc>Types the given password into the text field identified by ``locator``.</doc>
<msg timestamp="20220212 09:18:35.739" level="INFO">Typing password into text field 'id=clearPass'.</msg>
<msg timestamp="20220212 09:18:35.788" level="INFO">Temporally setting log level to: NONE</msg>
<msg timestamp="20220212 09:18:35.833" level="INFO">Log level changed from NONE to INFO.</msg>
<status status="PASS" starttime="20220212 09:18:35.738" endtime="20220212 09:18:35.833"/>
</kw>
<kw name="Select From List By Label" library="SeleniumLibrary">
<arg>name=languageChoice</arg>
<arg>${language}</arg>
<doc>Selects options from selection list ``locator`` by ``labels``.</doc>
<msg timestamp="20220212 09:18:35.834" level="INFO">Selecting options from selection list 'name=languageChoice' by label Greek.</msg>
<status status="PASS" starttime="20220212 09:18:35.833" endtime="20220212 09:18:35.924"/>
</kw>
<kw name="Click Element" library="SeleniumLibrary">
<arg>xpath=//button[@type='submit']</arg>
<doc>Click the element identified by ``locator``.</doc>
<msg timestamp="20220212 09:18:35.925" level="INFO">Clicking element 'xpath=//button[@type='submit']'.</msg>
<status status="PASS" starttime="20220212 09:18:35.924" endtime="20220212 09:18:37.158"/>
</kw>
<kw name="Element Should Contain" library="SeleniumLibrary">
<arg>//div[contains(text(),'Invalid')]</arg>
<arg>${expected_error}</arg>
<doc>Verifies that element ``locator`` contains text ``expected``.</doc>
<msg timestamp="20220212 09:18:37.217" level="INFO">Element '//div[contains(text(),'Invalid')]' contains text 'Invalid username or password'.</msg>
<status status="PASS" starttime="20220212 09:18:37.158" endtime="20220212 09:18:37.218"/>
</kw>
<status status="PASS" starttime="20220212 09:18:35.625" endtime="20220212 09:18:37.218"/>
</kw>
<kw name="End Browser" library="common_functionality" type="TEARDOWN">
<kw name="Capture Page Screenshot" library="SeleniumLibrary">
<doc>Takes a screenshot of the current page and embeds it into a log file.</doc>
<msg timestamp="20220212 09:18:37.531" level="INFO" html="true">&lt;/td&gt;&lt;/tr&gt;&lt;tr&gt;&lt;td colspan="3"&gt;&lt;a href="selenium-screenshot-7.png"&gt;&lt;img src="selenium-screenshot-7.png" width="800px"&gt;&lt;/a&gt;</msg>
<status status="PASS" starttime="20220212 09:18:37.219" endtime="20220212 09:18:37.531"/>
</kw>
<kw name="Close Browser" library="SeleniumLibrary">
<doc>Closes the current browser.</doc>
<status status="PASS" starttime="20220212 09:18:37.531" endtime="20220212 09:18:39.779"/>
</kw>
<status status="PASS" starttime="20220212 09:18:37.219" endtime="20220212 09:18:39.779"/>
</kw>
<status status="PASS" starttime="20220212 09:18:30.031" endtime="20220212 09:18:39.780"/>
</test>
<doc>This suit file handles all the test case related to the
invalid credentials</doc>
<status status="PASS" starttime="20220212 09:17:57.560" endtime="20220212 09:18:39.782"/>
</suite>
<statistics>
<total>
<stat pass="4" fail="0" skip="0">All Tests</stat>
</total>
<tag>
</tag>
<suite>
<stat pass="4" fail="0" skip="0" id="s1" name="Verify Invalid Credentials Suite">Verify Invalid Credentials Suite</stat>
</suite>
</statistics>
<errors>
</errors>
</robot>
