<?xml version="1.0" encoding="UTF-8"?>
<robot generator="Robot 4.1.3 (Python 3.10.0 on win32)" generated="20220212 12:08:59.911" rpa="false" schemaversion="2">
<suite id="s1" name="Verify Valid Credentials Suite" source="C:\Users\pc\robot_framework\login_suite\verify_valid_credentials_suite.robot">
<test id="s1-t1" name="TC1">
<kw name="Launch Browser" library="common_functionality" type="SETUP">
<kw name="Set Local Variable" library="BuiltIn">
<arg>${driver_path}</arg>
<arg>chromedriver.exe</arg>
<doc>Makes a variable available everywhere within the local scope.</doc>
<msg timestamp="20220212 12:09:01.526" level="INFO">${driver_path} = chromedriver.exe</msg>
<status status="PASS" starttime="20220212 12:09:01.524" endtime="20220212 12:09:01.527"/>
</kw>
<if>
<branch type="IF" condition="'${BROWSER_NAME}' == 'firefox'">
<kw name="Set Local Variable" library="BuiltIn">
<arg>${driver_path}</arg>
<arg>geckodriver.exe</arg>
<doc>Makes a variable available everywhere within the local scope.</doc>
<status status="NOT RUN" starttime="20220212 12:09:01.527" endtime="20220212 12:09:01.528"/>
</kw>
<status status="NOT RUN" starttime="20220212 12:09:01.527" endtime="20220212 12:09:01.528"/>
</branch>
<branch type="ELSE IF" condition="'${BROWSER_NAME}' == 'edge'">
<kw name="Set Local Variable" library="BuiltIn">
<arg>${driver_path}</arg>
<arg>msedgedriver.exe</arg>
<doc>Makes a variable available everywhere within the local scope.</doc>
<status status="NOT RUN" starttime="20220212 12:09:01.528" endtime="20220212 12:09:01.528"/>
</kw>
<status status="NOT RUN" starttime="20220212 12:09:01.528" endtime="20220212 12:09:01.528"/>
</branch>
<branch type="ELSE IF" condition="'${BROWSER_NAME}' == 'safari'">
<kw name="Set Local Variable" library="BuiltIn">
<arg>${driver_path}</arg>
<arg>safaridriver.exe</arg>
<doc>Makes a variable available everywhere within the local scope.</doc>
<status status="NOT RUN" starttime="20220212 12:09:01.529" endtime="20220212 12:09:01.529"/>
</kw>
<status status="NOT RUN" starttime="20220212 12:09:01.529" endtime="20220212 12:09:01.529"/>
</branch>
<status status="PASS" starttime="20220212 12:09:01.527" endtime="20220212 12:09:01.529"/>
</if>
<kw name="Open Browser" library="SeleniumLibrary">
<arg>browser=${BROWSER_NAME}</arg>
<arg>executable_path=${EXECDIR}${/}driver${/}${driver_path}</arg>
<doc>Opens a new browser instance to the optional ``url``.</doc>
<msg timestamp="20220212 12:09:01.530" level="INFO">Opening browser 'chrome' to base url 'None'.</msg>
<status status="PASS" starttime="20220212 12:09:01.529" endtime="20220212 12:09:02.847"/>
</kw>
<kw name="Maximize Browser Window" library="SeleniumLibrary">
<doc>Maximizes current browser window.</doc>
<status status="PASS" starttime="20220212 12:09:02.848" endtime="20220212 12:09:02.984"/>
</kw>
<kw name="Set Selenium Implicit Wait" library="SeleniumLibrary">
<arg>30s</arg>
<doc>Sets the implicit wait value used by Selenium.</doc>
<status status="PASS" starttime="20220212 12:09:02.984" endtime="20220212 12:09:03.000"/>
</kw>
<kw name="Set Screenshot Directory" library="SeleniumLibrary">
<arg>${EXECDIR}${/}screenshot</arg>
<doc>Sets the directory for captured screenshots.</doc>
<status status="PASS" starttime="20220212 12:09:03.000" endtime="20220212 12:09:03.013"/>
</kw>
<kw name="Go To" library="SeleniumLibrary">
<arg>url=${URL}</arg>
<doc>Navigates the current browser window to the provided ``url``.</doc>
<msg timestamp="20220212 12:09:03.015" level="INFO">Opening url 'https://demo.openemr.io/b/openemr'</msg>
<status status="PASS" starttime="20220212 12:09:03.014" endtime="20220212 12:09:07.229"/>
</kw>
<status status="PASS" starttime="20220212 12:09:01.524" endtime="20220212 12:09:07.229"/>
</kw>
<kw name="Verify Valid Credentials Template">
<arg>admin</arg>
<arg>pass</arg>
<arg>English (Indian)</arg>
<arg>OpenEMR</arg>
<kw name="Input Text" library="SeleniumLibrary">
<arg>id=authUser</arg>
<arg>${username}</arg>
<doc>Types the given ``text`` into the text field identified by ``locator``.</doc>
<msg timestamp="20220212 12:09:07.231" level="INFO">Typing text 'admin' into text field 'id=authUser'.</msg>
<status status="PASS" starttime="20220212 12:09:07.230" endtime="20220212 12:09:07.348"/>
</kw>
<kw name="Input Password" library="SeleniumLibrary">
<arg>id=clearPass</arg>
<arg>${password}</arg>
<doc>Types the given password into the text field identified by ``locator``.</doc>
<msg timestamp="20220212 12:09:07.349" level="INFO">Typing password into text field 'id=clearPass'.</msg>
<msg timestamp="20220212 12:09:07.408" level="INFO">Temporally setting log level to: NONE</msg>
<msg timestamp="20220212 12:09:07.464" level="INFO">Log level changed from NONE to INFO.</msg>
<status status="PASS" starttime="20220212 12:09:07.348" endtime="20220212 12:09:07.464"/>
</kw>
<kw name="Select From List By Label" library="SeleniumLibrary">
<arg>name=languageChoice</arg>
<arg>${language}</arg>
<doc>Selects options from selection list ``locator`` by ``labels``.</doc>
<msg timestamp="20220212 12:09:07.465" level="INFO">Selecting options from selection list 'name=languageChoice' by label English (Indian).</msg>
<status status="PASS" starttime="20220212 12:09:07.464" endtime="20220212 12:09:07.555"/>
</kw>
<kw name="Click Element" library="SeleniumLibrary">
<arg>xpath=//button[@type='submit']</arg>
<doc>Click the element identified by ``locator``.</doc>
<msg timestamp="20220212 12:09:07.556" level="INFO">Clicking element 'xpath=//button[@type='submit']'.</msg>
<status status="PASS" starttime="20220212 12:09:07.555" endtime="20220212 12:09:11.168"/>
</kw>
<kw name="Title Should Be" library="SeleniumLibrary">
<arg>${expected_title}</arg>
<doc>Verifies that the current page title equals ``title``.</doc>
<msg timestamp="20220212 12:09:11.175" level="INFO">Page title is 'OpenEMR'.</msg>
<status status="PASS" starttime="20220212 12:09:11.168" endtime="20220212 12:09:11.175"/>
</kw>
<status status="PASS" starttime="20220212 12:09:07.230" endtime="20220212 12:09:11.175"/>
</kw>
<kw name="End Browser" library="common_functionality" type="TEARDOWN">
<kw name="Close Browser" library="SeleniumLibrary">
<doc>Closes the current browser.</doc>
<status status="PASS" starttime="20220212 12:09:11.177" endtime="20220212 12:09:13.484"/>
</kw>
<status status="PASS" starttime="20220212 12:09:11.176" endtime="20220212 12:09:13.484"/>
</kw>
<status status="PASS" starttime="20220212 12:09:01.520" endtime="20220212 12:09:13.484"/>
</test>
<test id="s1-t2" name="TC1">
<kw name="Launch Browser" library="common_functionality" type="SETUP">
<kw name="Set Local Variable" library="BuiltIn">
<arg>${driver_path}</arg>
<arg>chromedriver.exe</arg>
<doc>Makes a variable available everywhere within the local scope.</doc>
<msg timestamp="20220212 12:09:13.491" level="INFO">${driver_path} = chromedriver.exe</msg>
<status status="PASS" starttime="20220212 12:09:13.489" endtime="20220212 12:09:13.491"/>
</kw>
<if>
<branch type="IF" condition="'${BROWSER_NAME}' == 'firefox'">
<kw name="Set Local Variable" library="BuiltIn">
<arg>${driver_path}</arg>
<arg>geckodriver.exe</arg>
<doc>Makes a variable available everywhere within the local scope.</doc>
<status status="NOT RUN" starttime="20220212 12:09:13.491" endtime="20220212 12:09:13.491"/>
</kw>
<status status="NOT RUN" starttime="20220212 12:09:13.491" endtime="20220212 12:09:13.491"/>
</branch>
<branch type="ELSE IF" condition="'${BROWSER_NAME}' == 'edge'">
<kw name="Set Local Variable" library="BuiltIn">
<arg>${driver_path}</arg>
<arg>msedgedriver.exe</arg>
<doc>Makes a variable available everywhere within the local scope.</doc>
<status status="NOT RUN" starttime="20220212 12:09:13.492" endtime="20220212 12:09:13.492"/>
</kw>
<status status="NOT RUN" starttime="20220212 12:09:13.492" endtime="20220212 12:09:13.492"/>
</branch>
<branch type="ELSE IF" condition="'${BROWSER_NAME}' == 'safari'">
<kw name="Set Local Variable" library="BuiltIn">
<arg>${driver_path}</arg>
<arg>safaridriver.exe</arg>
<doc>Makes a variable available everywhere within the local scope.</doc>
<status status="NOT RUN" starttime="20220212 12:09:13.492" endtime="20220212 12:09:13.492"/>
</kw>
<status status="NOT RUN" starttime="20220212 12:09:13.492" endtime="20220212 12:09:13.492"/>
</branch>
<status status="PASS" starttime="20220212 12:09:13.491" endtime="20220212 12:09:13.492"/>
</if>
<kw name="Open Browser" library="SeleniumLibrary">
<arg>browser=${BROWSER_NAME}</arg>
<arg>executable_path=${EXECDIR}${/}driver${/}${driver_path}</arg>
<doc>Opens a new browser instance to the optional ``url``.</doc>
<msg timestamp="20220212 12:09:13.493" level="INFO">Opening browser 'chrome' to base url 'None'.</msg>
<status status="PASS" starttime="20220212 12:09:13.493" endtime="20220212 12:09:14.797"/>
</kw>
<kw name="Maximize Browser Window" library="SeleniumLibrary">
<doc>Maximizes current browser window.</doc>
<status status="PASS" starttime="20220212 12:09:14.798" endtime="20220212 12:09:14.938"/>
</kw>
<kw name="Set Selenium Implicit Wait" library="SeleniumLibrary">
<arg>30s</arg>
<doc>Sets the implicit wait value used by Selenium.</doc>
<status status="PASS" starttime="20220212 12:09:14.939" endtime="20220212 12:09:14.941"/>
</kw>
<kw name="Set Screenshot Directory" library="SeleniumLibrary">
<arg>${EXECDIR}${/}screenshot</arg>
<doc>Sets the directory for captured screenshots.</doc>
<status status="PASS" starttime="20220212 12:09:14.941" endtime="20220212 12:09:14.942"/>
</kw>
<kw name="Go To" library="SeleniumLibrary">
<arg>url=${URL}</arg>
<doc>Navigates the current browser window to the provided ``url``.</doc>
<msg timestamp="20220212 12:09:14.953" level="INFO">Opening url 'https://demo.openemr.io/b/openemr'</msg>
<status status="PASS" starttime="20220212 12:09:14.942" endtime="20220212 12:09:19.192"/>
</kw>
<status status="PASS" starttime="20220212 12:09:13.489" endtime="20220212 12:09:19.193"/>
</kw>
<kw name="Verify Valid Credentials Template">
<arg>physician</arg>
<arg>physician</arg>
<arg>Dutch</arg>
<arg>OpenEMR</arg>
<kw name="Input Text" library="SeleniumLibrary">
<arg>id=authUser</arg>
<arg>${username}</arg>
<doc>Types the given ``text`` into the text field identified by ``locator``.</doc>
<msg timestamp="20220212 12:09:19.196" level="INFO">Typing text 'physician' into text field 'id=authUser'.</msg>
<status status="PASS" starttime="20220212 12:09:19.196" endtime="20220212 12:09:19.306"/>
</kw>
<kw name="Input Password" library="SeleniumLibrary">
<arg>id=clearPass</arg>
<arg>${password}</arg>
<doc>Types the given password into the text field identified by ``locator``.</doc>
<msg timestamp="20220212 12:09:19.306" level="INFO">Typing password into text field 'id=clearPass'.</msg>
<msg timestamp="20220212 12:09:19.354" level="INFO">Temporally setting log level to: NONE</msg>
<msg timestamp="20220212 12:09:19.426" level="INFO">Log level changed from NONE to INFO.</msg>
<status status="PASS" starttime="20220212 12:09:19.306" endtime="20220212 12:09:19.426"/>
</kw>
<kw name="Select From List By Label" library="SeleniumLibrary">
<arg>name=languageChoice</arg>
<arg>${language}</arg>
<doc>Selects options from selection list ``locator`` by ``labels``.</doc>
<msg timestamp="20220212 12:09:19.427" level="INFO">Selecting options from selection list 'name=languageChoice' by label Dutch.</msg>
<status status="PASS" starttime="20220212 12:09:19.426" endtime="20220212 12:09:19.519"/>
</kw>
<kw name="Click Element" library="SeleniumLibrary">
<arg>xpath=//button[@type='submit']</arg>
<doc>Click the element identified by ``locator``.</doc>
<msg timestamp="20220212 12:09:19.520" level="INFO">Clicking element 'xpath=//button[@type='submit']'.</msg>
<status status="PASS" starttime="20220212 12:09:19.520" endtime="20220212 12:09:23.314"/>
</kw>
<kw name="Title Should Be" library="SeleniumLibrary">
<arg>${expected_title}</arg>
<doc>Verifies that the current page title equals ``title``.</doc>
<msg timestamp="20220212 12:09:23.324" level="INFO">Page title is 'OpenEMR'.</msg>
<status status="PASS" starttime="20220212 12:09:23.314" endtime="20220212 12:09:23.324"/>
</kw>
<status status="PASS" starttime="20220212 12:09:19.195" endtime="20220212 12:09:23.325"/>
</kw>
<kw name="End Browser" library="common_functionality" type="TEARDOWN">
<kw name="Close Browser" library="SeleniumLibrary">
<doc>Closes the current browser.</doc>
<status status="PASS" starttime="20220212 12:09:23.326" endtime="20220212 12:09:25.622"/>
</kw>
<status status="PASS" starttime="20220212 12:09:23.325" endtime="20220212 12:09:25.622"/>
</kw>
<status status="PASS" starttime="20220212 12:09:13.487" endtime="20220212 12:09:25.623"/>
</test>
<test id="s1-t3" name="TC1">
<kw name="Launch Browser" library="common_functionality" type="SETUP">
<kw name="Set Local Variable" library="BuiltIn">
<arg>${driver_path}</arg>
<arg>chromedriver.exe</arg>
<doc>Makes a variable available everywhere within the local scope.</doc>
<msg timestamp="20220212 12:09:25.629" level="INFO">${driver_path} = chromedriver.exe</msg>
<status status="PASS" starttime="20220212 12:09:25.628" endtime="20220212 12:09:25.630"/>
</kw>
<if>
<branch type="IF" condition="'${BROWSER_NAME}' == 'firefox'">
<kw name="Set Local Variable" library="BuiltIn">
<arg>${driver_path}</arg>
<arg>geckodriver.exe</arg>
<doc>Makes a variable available everywhere within the local scope.</doc>
<status status="NOT RUN" starttime="20220212 12:09:25.630" endtime="20220212 12:09:25.630"/>
</kw>
<status status="NOT RUN" starttime="20220212 12:09:25.630" endtime="20220212 12:09:25.630"/>
</branch>
<branch type="ELSE IF" condition="'${BROWSER_NAME}' == 'edge'">
<kw name="Set Local Variable" library="BuiltIn">
<arg>${driver_path}</arg>
<arg>msedgedriver.exe</arg>
<doc>Makes a variable available everywhere within the local scope.</doc>
<status status="NOT RUN" starttime="20220212 12:09:25.631" endtime="20220212 12:09:25.631"/>
</kw>
<status status="NOT RUN" starttime="20220212 12:09:25.631" endtime="20220212 12:09:25.632"/>
</branch>
<branch type="ELSE IF" condition="'${BROWSER_NAME}' == 'safari'">
<kw name="Set Local Variable" library="BuiltIn">
<arg>${driver_path}</arg>
<arg>safaridriver.exe</arg>
<doc>Makes a variable available everywhere within the local scope.</doc>
<status status="NOT RUN" starttime="20220212 12:09:25.632" endtime="20220212 12:09:25.633"/>
</kw>
<status status="NOT RUN" starttime="20220212 12:09:25.632" endtime="20220212 12:09:25.633"/>
</branch>
<status status="PASS" starttime="20220212 12:09:25.630" endtime="20220212 12:09:25.633"/>
</if>
<kw name="Open Browser" library="SeleniumLibrary">
<arg>browser=${BROWSER_NAME}</arg>
<arg>executable_path=${EXECDIR}${/}driver${/}${driver_path}</arg>
<doc>Opens a new browser instance to the optional ``url``.</doc>
<msg timestamp="20220212 12:09:25.634" level="INFO">Opening browser 'chrome' to base url 'None'.</msg>
<status status="PASS" starttime="20220212 12:09:25.633" endtime="20220212 12:09:26.815"/>
</kw>
<kw name="Maximize Browser Window" library="SeleniumLibrary">
<doc>Maximizes current browser window.</doc>
<status status="PASS" starttime="20220212 12:09:26.815" endtime="20220212 12:09:27.064"/>
</kw>
<kw name="Set Selenium Implicit Wait" library="SeleniumLibrary">
<arg>30s</arg>
<doc>Sets the implicit wait value used by Selenium.</doc>
<status status="PASS" starttime="20220212 12:09:27.064" endtime="20220212 12:09:27.078"/>
</kw>
<kw name="Set Screenshot Directory" library="SeleniumLibrary">
<arg>${EXECDIR}${/}screenshot</arg>
<doc>Sets the directory for captured screenshots.</doc>
<status status="PASS" starttime="20220212 12:09:27.079" endtime="20220212 12:09:27.080"/>
</kw>
<kw name="Go To" library="SeleniumLibrary">
<arg>url=${URL}</arg>
<doc>Navigates the current browser window to the provided ``url``.</doc>
<msg timestamp="20220212 12:09:27.081" level="INFO">Opening url 'https://demo.openemr.io/b/openemr'</msg>
<status status="PASS" starttime="20220212 12:09:27.080" endtime="20220212 12:09:31.196"/>
</kw>
<status status="PASS" starttime="20220212 12:09:25.627" endtime="20220212 12:09:31.197"/>
</kw>
<kw name="Verify Valid Credentials Template">
<arg>receptionist</arg>
<arg>receptionist</arg>
<arg>English (Indian)</arg>
<arg>OpenEMR</arg>
<kw name="Input Text" library="SeleniumLibrary">
<arg>id=authUser</arg>
<arg>${username}</arg>
<doc>Types the given ``text`` into the text field identified by ``locator``.</doc>
<msg timestamp="20220212 12:09:31.199" level="INFO">Typing text 'receptionist' into text field 'id=authUser'.</msg>
<status status="PASS" starttime="20220212 12:09:31.198" endtime="20220212 12:09:31.318"/>
</kw>
<kw name="Input Password" library="SeleniumLibrary">
<arg>id=clearPass</arg>
<arg>${password}</arg>
<doc>Types the given password into the text field identified by ``locator``.</doc>
<msg timestamp="20220212 12:09:31.319" level="INFO">Typing password into text field 'id=clearPass'.</msg>
<msg timestamp="20220212 12:09:31.367" level="INFO">Temporally setting log level to: NONE</msg>
<msg timestamp="20220212 12:09:31.438" level="INFO">Log level changed from NONE to INFO.</msg>
<status status="PASS" starttime="20220212 12:09:31.318" endtime="20220212 12:09:31.438"/>
</kw>
<kw name="Select From List By Label" library="SeleniumLibrary">
<arg>name=languageChoice</arg>
<arg>${language}</arg>
<doc>Selects options from selection list ``locator`` by ``labels``.</doc>
<msg timestamp="20220212 12:09:31.439" level="INFO">Selecting options from selection list 'name=languageChoice' by label English (Indian).</msg>
<status status="PASS" starttime="20220212 12:09:31.439" endtime="20220212 12:09:31.528"/>
</kw>
<kw name="Click Element" library="SeleniumLibrary">
<arg>xpath=//button[@type='submit']</arg>
<doc>Click the element identified by ``locator``.</doc>
<msg timestamp="20220212 12:09:31.529" level="INFO">Clicking element 'xpath=//button[@type='submit']'.</msg>
<status status="PASS" starttime="20220212 12:09:31.528" endtime="20220212 12:09:35.437"/>
</kw>
<kw name="Title Should Be" library="SeleniumLibrary">
<arg>${expected_title}</arg>
<doc>Verifies that the current page title equals ``title``.</doc>
<msg timestamp="20220212 12:09:35.442" level="INFO">Page title is 'OpenEMR'.</msg>
<status status="PASS" starttime="20220212 12:09:35.437" endtime="20220212 12:09:35.443"/>
</kw>
<status status="PASS" starttime="20220212 12:09:31.197" endtime="20220212 12:09:35.443"/>
</kw>
<kw name="End Browser" library="common_functionality" type="TEARDOWN">
<kw name="Close Browser" library="SeleniumLibrary">
<doc>Closes the current browser.</doc>
<status status="PASS" starttime="20220212 12:09:35.446" endtime="20220212 12:09:37.731"/>
</kw>
<status status="PASS" starttime="20220212 12:09:35.444" endtime="20220212 12:09:37.732"/>
</kw>
<status status="PASS" starttime="20220212 12:09:25.625" endtime="20220212 12:09:37.733"/>
</test>
<doc>This suit file handles all the test case related to the
valid credentials</doc>
<status status="PASS" starttime="20220212 12:08:59.913" endtime="20220212 12:09:37.735"/>
</suite>
<statistics>
<total>
<stat pass="3" fail="0" skip="0">All Tests</stat>
</total>
<tag>
</tag>
<suite>
<stat pass="3" fail="0" skip="0" id="s1" name="Verify Valid Credentials Suite">Verify Valid Credentials Suite</stat>
</suite>
</statistics>
<errors>
<msg timestamp="20220212 12:09:13.486" level="WARN">Multiple test cases with name 'TC1' executed in test suite 'Verify Valid Credentials Suite'.</msg>
<msg timestamp="20220212 12:09:25.625" level="WARN">Multiple test cases with name 'TC1' executed in test suite 'Verify Valid Credentials Suite'.</msg>
</errors>
</robot>
